<?xml version="1.0" encoding="UTF-8"?>
<testng-results skipped="0" failed="0" total="1" passed="1">
  <reporter-output>
  </reporter-output>
  <suite name="Suite" duration-ms="1246093" started-at="2019-02-15T05:03:20Z" finished-at="2019-02-15T05:24:06Z">
    <groups>
    </groups>
    <test name="Test" duration-ms="1246093" started-at="2019-02-15T05:03:20Z" finished-at="2019-02-15T05:24:06Z">
      <class name="tesCases.Login">
        <test-method status="PASS" signature="BeforeSuite()[pri:0, instance:tesCases.Login@21de60b4]" name="BeforeSuite" is-config="true" duration-ms="13" started-at="2019-02-15T10:33:20Z" finished-at="2019-02-15T10:33:20Z">
          <reporter-output>
          </reporter-output>
        </test-method> <!-- BeforeSuite -->
        <test-method status="PASS" signature="BeforeMethod()[pri:0, instance:tesCases.Login@21de60b4]" name="BeforeMethod" is-config="true" duration-ms="6930" started-at="2019-02-15T10:33:20Z" finished-at="2019-02-15T10:33:27Z">
          <reporter-output>
          </reporter-output>
        </test-method> <!-- BeforeMethod -->
        <test-method status="PASS" signature="TestLoginFail()[pri:0, instance:tesCases.Login@21de60b4]" name="TestLoginFail" duration-ms="14672" started-at="2019-02-15T10:33:27Z" finished-at="2019-02-15T10:33:42Z">
          <reporter-output>
          </reporter-output>
        </test-method> <!-- TestLoginFail -->
        <test-method status="PASS" signature="AfterMethod(org.testng.ITestResult)[pri:0, instance:tesCases.Login@21de60b4]" name="AfterMethod" is-config="true" duration-ms="1224473" started-at="2019-02-15T10:33:42Z" finished-at="2019-02-15T10:54:06Z">
          <params>
            <param index="0">
              <value>
                <![CDATA[[TestResult name=TestLoginFail status=SUCCESS method=Login.TestLoginFail()[pri:0, instance:tesCases.Login@21de60b4] output={null}]]]>
              </value>
            </param>
          </params>
          <reporter-output>
          </reporter-output>
        </test-method> <!-- AfterMethod -->
      </class> <!-- tesCases.Login -->
    </test> <!-- Test -->
  </suite> <!-- Suite -->
</testng-results>
